[2022-06-28 11:48:07,955] - views.py [Line:89] - [INFO] - （Wzj）用户已登录Pro平台
[2022-06-28 11:48:21,858] - ck_login.py [Line:30] - [INFO] - 用户（Wzj）注销成功
[2022-06-28 14:44:06,213] - views.py [Line:89] - [INFO] - （Wzj）用户已登录Pro平台
[2022-06-28 15:57:59,928] - views.py [Line:196] - [INFO] - 用户（Wzj）使用（堆排序）计算了数列（[1, 2, 6, 8, 4, 2, 3, 0, 5, 2, 43, 34, 21, 87, 53]）,耗时（0:00:00.000034）
计算结果为（[0, 1, 2, 2, 2, 3, 4, 5, 6, 8, 21, 34, 43, 53, 87]）
[2022-06-28 16:02:23,256] - views.py [Line:193] - [INFO] - 用户（Wzj）使用（计数排序）计算了数列（[1, 2, 6, 8, 4, 2, 3, 0, 5, 2, 43, 34, 21, 87, 53]）
耗时（0:00:00.000022）
计算结果为（None）
[2022-06-28 16:03:07,366] - views.py [Line:193] - [INFO] - 用户（Wzj）使用（计数排序）计算了数列（[1, 2, 6, 8, 4, 2, 3, 0, 5, 2, 43, 34, 21, 87, 53]）
耗时（0:00:00.000018）
计算结果为（[0, 1, 2, 2, 2, 3, 4, 5, 6, 8, 21, 34, 43, 53, 87]）
[2022-06-28 16:03:52,749] - views.py [Line:193] - [INFO] - 用户（Wzj）使用（快速排序）计算了数列（[1, 2, 6, 8, 4, 2, 3, 0, 5, 2, 43, 34, 21, 87, 53]）
耗时（0:00:00.000019）
计算结果为（[0, 1, 2, 2, 2, 3, 4, 5, 6, 8, 21, 34, 43, 53, 87]）
[2022-06-28 16:04:02,750] - views.py [Line:193] - [INFO] - 用户（Wzj）使用（归并排序）计算了数列（[1, 2, 6, 8, 4, 2, 3, 0, 5, 2, 43, 34, 21, 87, 53]）
耗时（0:00:00.000046）
计算结果为（[0, 1, 2, 2, 2, 3, 4, 5, 6, 8, 21, 34, 43, 53, 87]）
[2022-06-28 16:04:13,952] - views.py [Line:193] - [INFO] - 用户（Wzj）使用（堆排序）计算了数列（[1, 2, 6, 8, 4, 2, 3, 0, 5, 2, 43, 34, 21, 87, 53]）
耗时（0:00:00.000028）
计算结果为（[0, 1, 2, 2, 2, 3, 4, 5, 6, 8, 21, 34, 43, 53, 87]）
