2022-06-07 12:09:46,878 - uitesting - DEBUG : hhhhhhhhhhhh
2022-06-07 12:09:46,879 - uitesting - INFO : 222222222222
2022-06-07 12:09:46,879 - uitesting - WARNING : 3333333333333
2022-06-07 14:58:26,879 DEBUG logs.py [39] MainThread : hhhhhhhhhhhh
2022-06-07 14:58:26,879 INFO logs.py [40] MainThread : 222222222222
2022-06-07 14:58:26,879 WARNING logs.py [41] MainThread : 3333333333333
2022-06-07 14:58:26,879 ERROR logs.py [42] MainThread : 4444444444444
2022-06-07 15:32:02,423 WARNING views.py [109] Thread-2 : 用户Wzj 不存在，请注册或换账号登录！
2022-06-07 15:32:25,841 INFO ck_login.py [30] Thread-4 : 用户Zj注销成功
2022-06-07 15:32:33,696 INFO views.py [93] Thread-6 : Zj用户已登录Pro平台
2022-06-07 15:32:38,491 INFO views.py [192] Thread-8 : 用户Zj 查询个人信息 
用户名：Zj 
考核成绩单：[180, 175, 150, 150, 148, 130, 125, 118, 114, 109, 99, 99, 90, 89, 77, 73, 70, 60] 
您的考核成绩：175.0 
您的考核名次：2 
账号创建时间：2022-05-17 15:37:53 
上次登录时间：2022-06-07 15:32:33 
平台总用户量：18 
首位注册的用户为：Zj 
您是第1位注册的用户，稍后我们会联系您来发放奖品!
2022-06-07 15:33:23,877 WARNING views.py [295] Thread-10 : 用户lx 不存在，请注册或换账号登录！
2022-06-07 15:33:32,193 WARNING views.py [298] Thread-12 : 用户Lx 当前状态为离线，请重新登录！
2022-06-07 15:33:45,984 INFO views.py [310] Thread-14 : 用户Zj 执行sql优化操作 
待优化sql：--数据管理 select '当前状态为离线' as a.state --注释, a.uname from student as a 
优化后sql： select '' as a.state , a.uname from student as a
2022-06-07 15:34:32,950 INFO ck_login.py [30] Thread-16 : 用户Zj注销成功
2022-06-07 15:34:38,703 WARNING views.py [112] Thread-18 : 用户Sl 当前状态为离线，请重新登录！
2022-06-07 15:36:05,159 WARNING ck_login.py [32] Thread-2 : 用户Sl当前为离线状态, 无需注销
2022-06-07 15:36:44,251 INFO views.py [93] Thread-2 : Sl用户已登录Pro平台
2022-06-07 15:36:50,330 WARNING views.py [133] Thread-4 : 用户Zj 当前状态为离线，请重新登录！
2022-06-07 15:36:55,283 INFO views.py [189] Thread-6 : 用户Sl 查询个人信息 
用户名：Sl 
考核成绩单：[180, 175, 150, 150, 148, 130, 125, 118, 114, 109, 99, 99, 90, 89, 77, 73, 70, 60] 
您的考核成绩：180.0 
您的考核名次：1 
账号创建时间：2022-05-17 15:44:52 
上次登录时间：2022-06-07 15:36:44 
平台总用户量：18 
首位注册的用户为：Zj 
您是第14位注册的用户，感谢您对本平台的支持!
2022-06-07 15:37:24,866 INFO ck_login.py [30] Thread-8 : 用户Sl注销成功
2022-06-07 15:37:42,312 WARNING views.py [228] Thread-10 : 用户Zj 当前状态为离线，请重新登录！
2022-06-07 15:37:58,108 WARNING views.py [80] Thread-12 : 用户:zj 不存在，请注册或换账号登录！
2022-06-07 15:38:07,501 INFO views.py [93] Thread-14 : Zj用户已登录Pro平台
2022-06-07 15:38:52,599 INFO views.py [252] Thread-16 : 用户Zj 修改个人信息成功, 即将登出
2022-06-07 15:38:57,009 WARNING views.py [225] Thread-18 : 用户Zj 不存在，请注册或换账号登录！
2022-06-07 15:39:04,652 WARNING views.py [228] Thread-20 : 用户Wzj 当前状态为离线，请重新登录！
2022-06-07 15:39:13,927 WARNING ck_login.py [32] Thread-22 : 用户Wzj 当前为离线状态, 无需注销
2022-06-07 15:39:21,513 WARNING views.py [80] Thread-24 : 用户:Zj 不存在，请注册或换账号登录！
2022-06-07 15:39:26,175 WARNING views.py [96] Thread-26 : 用户名或密码错误
2022-06-07 15:39:31,925 INFO views.py [93] Thread-28 : Wzj用户已登录Pro平台
2022-06-07 17:06:22,380 INFO views.py [93] Thread-2 : Wzj用户已登录Pro平台
2022-06-07 17:07:10,294 INFO views.py [93] Thread-2 : Wzj用户已登录Pro平台
2022-06-07 17:07:24,042 INFO ck_login.py [30] Thread-4 : 用户Wzj 注销成功
2022-06-07 17:24:25,616 WARNING 32 ck_login.py [32] Thread-2 : 用户Wzj 当前为离线状态, 无需注销
2022-06-07 17:32:16,737 WARNING ck_login ck_login.py [32] Thread-2 : 用户Wzj 当前为离线状态, 无需注销
2022-06-07 17:34:59,632 INFO views views.py [93] Thread-4 : Wzj用户已登录Pro平台
[2022-06-07 17:43:29,646] - ck_login.py [Line:30] - [INFO] - 用户Wzj 注销成功
[2022-06-07 17:43:36,264] - views.py [Line:93] - [INFO] - Wzj用户已登录Pro平台
[2022-06-07 17:44:29,818] - views.py [Line:133] - [WARNING] - 用户Sl 当前状态为离线，请重新登录！
2022-06-07 17:45:24,436 - views.py Line:133 - WARNING - 用户Sl 当前状态为离线，请重新登录！
[2022-06-07 17:45:56,786] - views.py [Line:133] - [WARNING] - 用户Sl 当前状态为离线，请重新登录！
[2022-06-07 17:46:02,828] - views.py [Line:189] - [INFO] - 用户Wzj 查询个人信息 
用户名：Wzj 
考核成绩单：[180, 162, 150, 150, 148, 130, 125, 118, 114, 109, 99, 99, 90, 89, 77, 73, 70, 60] 
您的考核成绩：162.0 
您的考核名次：2 
账号创建时间：2022-05-17 15:37:53 
上次登录时间：2022-06-07 17:43:36 
平台总用户量：18 
首位注册的用户为：Wzj 
您是第1位注册的用户，稍后我们会联系您来发放奖品!
[2022-06-07 17:47:53,846] - views.py [Line:80] - [WARNING] - 用户:root 不存在，请注册或换账号登录！
[2022-06-07 17:49:15,898] - views.py [Line:62] - [ERROR] - (pymysql.err.DataError) (1265, "Data truncated for column 'source' at row 1") [SQL: 'INSERT INTO table_name (uname, pwd, count, status, source, start_time, last_time, quit_time) VALUES (%(uname)s, %(pwd)s, %(count)s, %(status)s, %(source)s, %(start_time)s, %(last_time)s, %(quit_time)s)'] [parameters: {'uname': 'root', 'pwd': '6a39dcb7f7d6d30a08d9432c1c71dfe1', 'count': 0, 'status': 0, 'source': 'rooter', 'start_time': '2022-06-07 17:49:15', 'last_time': None, 'quit_time': None}] (Background on this error at: http://sqlalche.me/e/9h9h)
[2022-06-07 17:49:15,898] - views.py [Line:64] - [INFO] - 用户:root 注册成功!
[2022-06-07 17:50:05,870] - ck_login.py [Line:30] - [INFO] - 用户Wzj 注销成功
[2022-06-07 17:50:08,276] - ck_login.py [Line:32] - [WARNING] - 用户Wzj 当前为离线状态, 无需注销
[2022-06-07 17:50:14,527] - views.py [Line:109] - [WARNING] - 用户root 不存在，请注册或换账号登录！
[2022-06-07 17:52:15,173] - views.py [Line:64] - [ERROR] - (pymysql.err.DataError) (1265, "Data truncated for column 'source' at row 1") [SQL: 'INSERT INTO table_name (uname, pwd, count, status, source, start_time, last_time, quit_time) VALUES (%(uname)s, %(pwd)s, %(count)s, %(status)s, %(source)s, %(start_time)s, %(last_time)s, %(quit_time)s)'] [parameters: {'uname': 'root', 'pwd': '6a39dcb7f7d6d30a08d9432c1c71dfe1', 'count': 0, 'status': 0, 'source': 'rooter', 'start_time': '2022-06-07 17:52:15', 'last_time': None, 'quit_time': None}] (Background on this error at: http://sqlalche.me/e/9h9h)
[2022-06-07 17:52:15,173] - views.py [Line:65] - [INFO] - 用户:root 注册失败!
[2022-06-07 17:53:26,094] - views.py [Line:64] - [ERROR] - (pymysql.err.DataError) (1265, "Data truncated for column 'source' at row 1") [SQL: 'INSERT INTO table_name (uname, pwd, count, status, source, start_time, last_time, quit_time) VALUES (%(uname)s, %(pwd)s, %(count)s, %(status)s, %(source)s, %(start_time)s, %(last_time)s, %(quit_time)s)'] [parameters: {'uname': 'root', 'pwd': '6a39dcb7f7d6d30a08d9432c1c71dfe1', 'count': 0, 'status': 0, 'source': 'rooter', 'start_time': '2022-06-07 17:53:26', 'last_time': None, 'quit_time': None}] (Background on this error at: http://sqlalche.me/e/9h9h)
[2022-06-07 17:53:26,094] - views.py [Line:65] - [INFO] - 用户:root 注册失败!
[2022-06-07 17:53:40,925] - views.py [Line:61] - [INFO] - 用户:root 注册成功!
[2022-06-07 17:54:11,424] - views.py [Line:97] - [INFO] - root用户已登录Pro平台
